<?xml version="1.0" encoding="UTF-8"?>
<!-- Generated by org.testng.reporters.JUnitReportReporter -->
<testsuite skipped="0" hostname="cdc2-d-4BH2N62" name="com.test.Case1" tests="1" failures="0" timestamp="29 Mar 2019 07:42:35 GMT" time="26.605" errors="0">
  <testcase name="testcase1" time="26.605" classname="com.test.Case1"/>
</testsuite> <!-- com.test.Case1 -->
