<?xml version="1.0" encoding="UTF-8"?>
<!-- Generated by org.testng.reporters.JUnitReportReporter -->
<testsuite skipped="0" hostname="cdc2-d-4BH2N62" name="com.test.TestIE" tests="1" failures="0" timestamp="27 Mar 2019 09:42:03 GMT" time="4.270" errors="0">
  <testcase name="testall" time="4.270" classname="com.test.TestIE"/>
</testsuite> <!-- com.test.TestIE -->
