<?xml version="1.0" encoding="UTF-8"?>
<!-- Generated by org.testng.reporters.JUnitReportReporter -->
<testsuite skipped="0" hostname="cdc2-d-4BH2N62" name="com.test.Dragandwait" tests="1" failures="0" timestamp="29 Mar 2019 09:37:52 GMT" time="26.001" errors="0">
  <testcase name="dragwaittest" time="26.001" classname="com.test.Dragandwait"/>
</testsuite> <!-- com.test.Dragandwait -->
