<?xml version="1.0" encoding="UTF-8"?>
<!-- Generated by org.testng.reporters.JUnitReportReporter -->
<testsuite skipped="0" hostname="cdc2-d-4BH2N62" name="com.test.Hdfctest" tests="1" failures="0" timestamp="29 Mar 2019 03:41:38 GMT" time="174.665" errors="0">
  <testcase name="testNetbank" time="174.665" classname="com.test.Hdfctest"/>
</testsuite> <!-- com.test.Hdfctest -->
