<?xml version="1.0" encoding="UTF-8"?>
<!-- Generated by org.testng.reporters.JUnitReportReporter -->
<testsuite skipped="0" hostname="cdc2-d-4BH2N62" name="com.test.Creditcards" tests="1" failures="0" timestamp="29 Mar 2019 05:11:57 GMT" time="49.883" errors="0">
  <testcase name="testCredit" time="49.883" classname="com.test.Creditcards"/>
</testsuite> <!-- com.test.Creditcards -->
