<?xml version="1.0" encoding="UTF-8"?>
<!-- Generated by org.testng.reporters.JUnitReportReporter -->
<testsuite skipped="0" hostname="cdc2-d-4BH2N62" name="com.test.Newtest1" tests="2" failures="0" timestamp="27 Mar 2019 06:32:50 GMT" time="0.022" errors="0">
  <testcase name="google" time="0.020" classname="com.test.Newtest1"/>
  <testcase name="accenture" time="0.002" classname="com.test.Newtest1"/>
</testsuite> <!-- com.test.Newtest1 -->
