<?xml version="1.0" encoding="UTF-8"?>
<!-- Generated by org.testng.reporters.JUnitReportReporter -->
<testsuite skipped="0" hostname="cdc2-d-4BH2N62" name="com.test.Cleartrip" tests="1" failures="0" timestamp="29 Mar 2019 11:33:58 GMT" time="42.570" errors="0">
  <testcase name="testtrip" time="42.570" classname="com.test.Cleartrip"/>
</testsuite> <!-- com.test.Cleartrip -->
