<?xml version="1.0" encoding="UTF-8"?>
<!-- Generated by org.testng.reporters.JUnitReportReporter -->
<testsuite skipped="0" hostname="cdc2-d-4BH2N62" name="com.test.Demotest" tests="1" failures="0" timestamp="27 Mar 2019 11:29:28 GMT" time="18.754" errors="0">
  <testcase name="testdemo" time="18.754" classname="com.test.Demotest"/>
</testsuite> <!-- com.test.Demotest -->
